<?xml version="1.0" encoding="UTF-8"?>
<testng-results ignored="0" total="1" passed="1" failed="0" skipped="0">
  <reporter-output>
  </reporter-output>
  <suite started-at="2024-10-05T16:59:47Z" name="Default suite" finished-at="2024-10-05T16:59:51Z" duration-ms="4470">
    <groups>
    </groups>
    <test started-at="2024-10-05T16:59:47Z" name="Default test" finished-at="2024-10-05T16:59:51Z" duration-ms="4470">
      <class name="pruebaTestNG.Selenium_Test">
        <test-method signature="f()[pri:0, instance:pruebaTestNG.Selenium_Test@97e93f1]" started-at="2024-10-05T10:59:47Z" name="f" finished-at="2024-10-05T10:59:51Z" duration-ms="4455" status="PASS">
          <reporter-output>
          </reporter-output>
        </test-method> <!-- f -->
      </class> <!-- pruebaTestNG.Selenium_Test -->
    </test> <!-- Default test -->
  </suite> <!-- Default suite -->
</testng-results>
